<?xml version="1.0" encoding="UTF-8"?>
<!-- Generated by org.testng.reporters.JUnitReportReporter -->
<testsuite hostname="GauravGupta" failures="0" tests="1" name="Autosite" time="47.504" errors="0" timestamp="2023-03-23T17:41:06 IST" skipped="0">
  <testcase classname="Autosite" name="insertvalue" time="47.504"/>
  <system-out/>
</testsuite> <!-- Autosite -->
