<?xml version="1.0" encoding="UTF-8"?>
<!-- Generated by org.testng.reporters.JUnitReportReporter -->
<testsuite hostname="GauravGupta" failures="0" tests="2" name="Day2" time="11.494" errors="0" timestamp="2023-03-23T13:32:04 IST" skipped="0">
  <testcase classname="Day2" name="run" time="6.943"/>
  <system-out/>
  <testcase classname="Day2" name="run1" time="4.551"/>
  <system-out/>
</testsuite> <!-- Day2 -->
