<?xml version="1.0" encoding="UTF-8"?>
<!-- Generated by org.testng.reporters.JUnitReportReporter -->
<testsuite hostname="GauravGupta" failures="0" tests="1" name="Revision.Seleniumrevision" time="5.407" errors="0" timestamp="2023-03-27T22:26:03 IST" skipped="0">
  <testcase classname="Revision.Seleniumrevision" name="Emptyfill" time="5.407"/>
  <system-out/>
</testsuite> <!-- Revision.Seleniumrevision -->
