<?xml version="1.0" encoding="UTF-8"?>
<!-- Generated by org.testng.reporters.JUnitReportReporter -->
<testsuite hostname="GauravGupta" failures="0" tests="2" name="Lhandle$Day2" time="26.507" errors="0" timestamp="2023-03-22T16:13:37 IST" skipped="0">
  <testcase classname="Lhandle$Day2" name="newTab" time="15.648"/>
  <system-out/>
  <testcase classname="Lhandle$Day2" name="window" time="10.859"/>
  <system-out/>
</testsuite> <!-- Lhandle$Day2 -->
