<?xml version="1.0" encoding="UTF-8"?>
<!-- Generated by org.testng.reporters.JUnitReportReporter -->
<testsuite hostname="GauravGupta" failures="0" tests="2" name="Sdayques4" time="19.391" errors="0" timestamp="2023-03-24T00:45:59 IST" skipped="0">
  <testcase classname="Sdayques4" name="downScroll" time="7.601"/>
  <system-out/>
  <testcase classname="Sdayques4" name="upScroll" time="11.790"/>
  <system-out/>
</testsuite> <!-- Sdayques4 -->
